[pe_clean_core] Loading library ../rnaseq/Spombe/SRR097897/SRR097897.fa...
[pe_clean_core] kmer length: 15; # of kmers: 1073741825
[pe_clean_core] Calculating k-mer frequency: 11.39 sec...
[pe_clean_core] 79873 reads with 'N' removed: 37.65 sec...
[pe_clean_core] Counting the k-mer frequencies of reads: 37.65 sec...
[pe_clean_core] Removing repetitive and low k-mer frequency reads: 78.94 sec...
[pe_clean_core] Removed 113974 repetitive reads, 1117913 low k-mer reads. 
[pe_clean_core] Sorting reads by k_freq: 104.08 sec...
[pe_clean_core] Removing duplicates: 110.27 sec...
[pe_clean_core] 2212492 duplicates removed: 111.88 sec...
[pe_clean_core] Getting solid reads: 111.88 sec...
[pe_clean_core] Round 1 out of max 24. 0 solid reads: 111.88 sec...
[pe_clean_core] Round 2 out of max 24. 9 solid reads: 128.56 sec...
[pe_clean_core] Round 3 out of max 24. 9 solid reads: 145.47 sec...
[pe_clean_core] Round 4 out of max 24. 9 solid reads: 162.09 sec...
[pe_clean_core] Round 5 out of max 24. 9 solid reads: 178.73 sec...
[pe_clean_core] Round 6 out of max 24. 9 solid reads: 195.29 sec...
[pe_clean_core] Round 7 out of max 24. 9 solid reads: 212.08 sec...
[pe_clean_core] Round 8 out of max 24. 11 solid reads: 229.14 sec...
[pe_clean_core] Round 9 out of max 24. 247 solid reads: 246.03 sec...
[pe_clean_core] Round 10 out of max 24. 97516 solid reads: 263.06 sec...
[pe_clean_core] Round 11 out of max 24. 436285 solid reads: 279.76 sec...
[pe_clean_core] Round 12 out of max 24. 929322 solid reads: 294.83 sec...
[pe_clean_core] 1441576 solid reads remained.
[pe_clean_core] Saving k-mer frequencies: 307.72 sec...
[pe_clean_core] Cleaning done: 308.34.
